Build started 16/04/2015 3:21:57 PM.
     1>Project "C:\Users\Owner\Documents\414-C3D\414-C3D\414-C3D.vcxproj" on node 2 (Build target(s)).
     1>ClCompile:
         C:\Program Files\Microsoft Visual Studio 12.0\VC\bin\CL.exe /c /Zi /nologo /W3 /WX- /O2 /Oi /Oy- /GL /D WIN32 /D NDEBUG /D _CONSOLE /D _LIB /D _UNICODE /D UNICODE /Gm- /EHsc /MD /GS /Gy /fp:precise /Zc:wchar_t /Zc:forScope /Fo"Release\\" /Fd"Release\vc120.pdb" /Gd /TP /analyze- /errorReport:prompt "414-C3D.cpp"
         414-C3D.cpp
     1>414-C3D.cpp(34): warning C4996: 'wcstombs': This function or variable may be unsafe. Consider using wcstombs_s instead. To disable deprecation, use _CRT_SECURE_NO_WARNINGS. See online help for details.
                 C:\Program Files\Microsoft Visual Studio 12.0\VC\include\stdlib.h(575) : see declaration of 'wcstombs'
     1>414-C3D.cpp(40): warning C4996: 'strcat': This function or variable may be unsafe. Consider using strcat_s instead. To disable deprecation, use _CRT_SECURE_NO_WARNINGS. See online help for details.
                 C:\Program Files\Microsoft Visual Studio 12.0\VC\include\string.h(118) : see declaration of 'strcat'
     1>414-C3D.cpp(41): warning C4996: 'strcat': This function or variable may be unsafe. Consider using strcat_s instead. To disable deprecation, use _CRT_SECURE_NO_WARNINGS. See online help for details.
                 C:\Program Files\Microsoft Visual Studio 12.0\VC\include\string.h(118) : see declaration of 'strcat'
     1>414-C3D.cpp(78): warning C4305: 'argument' : truncation from 'double' to 'float'
     1>414-C3D.cpp(95): warning C4018: '<' : signed/unsigned mismatch
     1>414-C3D.cpp(110): warning C4018: '<' : signed/unsigned mismatch
     1>414-C3D.cpp(147): warning C4018: '<' : signed/unsigned mismatch
     1>414-C3D.cpp(188): warning C4018: '<' : signed/unsigned mismatch
     1>414-C3D.cpp(228): warning C4018: '<' : signed/unsigned mismatch
       Link:
         C:\Program Files\Microsoft Visual Studio 12.0\VC\bin\link.exe /ERRORREPORT:PROMPT /OUT:"C:\Users\Owner\Documents\414-C3D\Release\414-C3D.exe" /INCREMENTAL:NO /NOLOGO kernel32.lib user32.lib gdi32.lib winspool.lib comdlg32.lib advapi32.lib shell32.lib ole32.lib oleaut32.lib uuid.lib odbc32.lib odbccp32.lib /MANIFEST /MANIFESTUAC:"level='asInvoker' uiAccess='false'" /manifest:embed /DEBUG /PDB:"C:\Users\Owner\Documents\414-C3D\Release\414-C3D.pdb" /SUBSYSTEM:CONSOLE /OPT:REF /OPT:ICF /LTCG /TLBID:1 /DYNAMICBASE /NXCOMPAT /IMPLIB:"C:\Users\Owner\Documents\414-C3D\Release\414-C3D.lib" /MACHINE:X86 /SAFESEH "Release\414-C3D.obj"
         Release\InputParser.obj
         Release\stdafx.obj
         Generating code
         Finished generating code
         414-C3D.vcxproj -> C:\Users\Owner\Documents\414-C3D\Release\414-C3D.exe
     1>Done Building Project "C:\Users\Owner\Documents\414-C3D\414-C3D\414-C3D.vcxproj" (Build target(s)).

Build succeeded.

Time Elapsed 00:00:04.98
